<?xml version="1.0" encoding="UTF-8"?>
<!-- Generated by org.testng.reporters.JUnitReportReporter -->
<testsuite name="Tests.TC1" tests="1" time="3.338" ignored="0" failures="0" timestamp="19 Feb 2018 10:32:09 GMT" skipped="0" hostname="Vish-PC" errors="0">
  <testcase name="method1" time="3.338" classname="Tests.TC1"/>
</testsuite> <!-- Tests.TC1 -->
