<?xml version="1.0" encoding="UTF-8"?>
<!-- Generated by org.testng.reporters.JUnitReportReporter -->
<testsuite name="Tests.TC5" tests="1" time="3.557" ignored="0" failures="0" timestamp="19 Feb 2018 10:32:09 GMT" skipped="0" hostname="Vish-PC" errors="0">
  <testcase name="method1" time="3.557" classname="Tests.TC5"/>
</testsuite> <!-- Tests.TC5 -->
