<?xml version="1.0" encoding="UTF-8"?>
<!-- Generated by org.testng.reporters.JUnitReportReporter -->
<testsuite name="Tests.TC2" tests="1" time="4.461" ignored="0" failures="0" timestamp="19 Feb 2018 10:32:09 GMT" skipped="0" hostname="Vish-PC" errors="0">
  <testcase name="method1" time="4.461" classname="Tests.TC2"/>
</testsuite> <!-- Tests.TC2 -->
